<?xml version="1.0" encoding="UTF-8"?>
<!-- Generated by org.testng.reporters.JUnitReportReporter -->
<testsuite hostname="Aayush" failures="0" tests="9" name="Hackathon.IdentifyCourses3.MainTest2" time="168.050" errors="0" timestamp="2021-08-03T18:41:07 IST" skipped="0">
  <testcase classname="Hackathon.IdentifyCourses3.MainTest2" name="validateSearchBox" time="2.097"/>
  <system-out/>
  <testcase classname="Hackathon.IdentifyCourses3.MainTest2" name="validateSearchButton" time="1.770"/>
  <system-out/>
  <testcase classname="Hackathon.IdentifyCourses3.MainTest2" name="validateCourseDetailPage" time="72.717"/>
  <system-out/>
  <testcase classname="Hackathon.IdentifyCourses3.MainTest2" name="validateCourseTab" time="25.735"/>
  <system-out/>
  <testcase classname="Hackathon.IdentifyCourses3.MainTest2" name="validateLevelDropdownMenu" time="15.631"/>
  <system-out/>
  <testcase classname="Hackathon.IdentifyCourses3.MainTest2" name="validateEdxBussinessLink" time="29.482"/>
  <system-out/>
  <testcase classname="Hackathon.IdentifyCourses3.MainTest2" name="validateLanguagesDropdownMenu" time="12.239"/>
  <system-out/>
  <testcase classname="Hackathon.IdentifyCourses3.MainTest2" name="validateHomePageButton" time="1.341"/>
  <system-out/>
  <testcase classname="Hackathon.IdentifyCourses3.MainTest2" name="validateInvalidEmail" time="7.038"/>
  <system-out/>
</testsuite> <!-- Hackathon.IdentifyCourses3.MainTest2 -->
