<?xml version="1.0" encoding="UTF-8"?>
<!-- Generated by org.testng.reporters.JUnitReportReporter -->
<testsuite hostname="Aayush" failures="0" tests="10" name="Hackathon.IdentifyCourses3.MainTest" time="161.303" errors="0" timestamp="2021-08-04T12:23:11 IST" skipped="0">
  <testcase classname="Hackathon.IdentifyCourses3.MainTest" name="validateInvalidEmail" time="6.814"/>
  <system-out/>
  <testcase classname="Hackathon.IdentifyCourses3.MainTest" name="validateLanguagesDropdownMenu" time="14.865"/>
  <system-out/>
  <testcase classname="Hackathon.IdentifyCourses3.MainTest" name="validateCourseTab" time="24.349"/>
  <system-out/>
  <testcase classname="Hackathon.IdentifyCourses3.MainTest" name="validateCourseDetail1Page" time="27.695"/>
  <system-out/>
  <testcase classname="Hackathon.IdentifyCourses3.MainTest" name="validateCourseDetail2Page" time="42.244"/>
  <system-out/>
  <testcase classname="Hackathon.IdentifyCourses3.MainTest" name="validateHomePageButton" time="1.771"/>
  <system-out/>
  <testcase classname="Hackathon.IdentifyCourses3.MainTest" name="validateSearchButton" time="1.923"/>
  <system-out/>
  <testcase classname="Hackathon.IdentifyCourses3.MainTest" name="validateLevelDropdownMenu" time="34.557"/>
  <system-out/>
  <testcase classname="Hackathon.IdentifyCourses3.MainTest" name="validateEdxBussinessLink" time="1.837"/>
  <system-out/>
  <testcase classname="Hackathon.IdentifyCourses3.MainTest" name="validateSearchBox" time="5.248"/>
  <system-out/>
</testsuite> <!-- Hackathon.IdentifyCourses3.MainTest -->
